[debug] [2020-12-19T21:23:26.576Z] ----------------------------------------------------------------------
[debug] [2020-12-19T21:23:26.578Z] Command:       /usr/local/bin/node /Users/jasonharris/.config/yarn/global/node_modules/.bin/firebase init
[debug] [2020-12-19T21:23:26.579Z] CLI Version:   9.0.1
[debug] [2020-12-19T21:23:26.579Z] Platform:      darwin
[debug] [2020-12-19T21:23:26.579Z] Node Version:  v12.14.0
[debug] [2020-12-19T21:23:26.579Z] Time:          Sat Dec 19 2020 15:23:26 GMT-0600 (Central Standard Time)
[debug] [2020-12-19T21:23:26.580Z] ----------------------------------------------------------------------
[debug] [2020-12-19T21:23:26.580Z] 
[debug] [2020-12-19T21:23:26.585Z] > command requires scopes: ["email","openid","https://www.googleapis.com/auth/cloudplatformprojects.readonly","https://www.googleapis.com/auth/firebase","https://www.googleapis.com/auth/cloud-platform"]
[debug] [2020-12-19T21:23:26.586Z] > authorizing via signed-in user
[info] 
     ######## #### ########  ######## ########     ###     ######  ########
     ##        ##  ##     ## ##       ##     ##  ##   ##  ##       ##
     ######    ##  ########  ######   ########  #########  ######  ######
     ##        ##  ##    ##  ##       ##     ## ##     ##       ## ##
     ##       #### ##     ## ######## ########  ##     ##  ######  ########

You're about to initialize a Firebase project in this directory:

  /Users/jasonharris/Documents/www/react/influencer-form

[info] 
=== Project Setup
[info] 
[info] First, let's associate this project directory with a Firebase project.
[info] You can create multiple project aliases by running firebase use --add, 
[info] but for now we'll just set up a default project.
[info] 
[debug] [2020-12-19T21:23:44.350Z] > refreshing access token with scopes: ["email","https://www.googleapis.com/auth/cloud-platform","https://www.googleapis.com/auth/cloudplatformprojects.readonly","https://www.googleapis.com/auth/firebase","openid"]
[debug] [2020-12-19T21:23:44.351Z] >>> HTTP REQUEST POST https://www.googleapis.com/oauth2/v3/token  
 <request body omitted>
[debug] [2020-12-19T21:23:44.514Z] <<< HTTP RESPONSE 400 {"cache-control":"no-cache, no-store, max-age=0, must-revalidate","expires":"Mon, 01 Jan 1990 00:00:00 GMT","pragma":"no-cache","date":"Sat, 19 Dec 2020 21:23:44 GMT","content-type":"application/json; charset=utf-8","vary":"X-Origin, Referer, Origin,Accept-Encoding","server":"scaffolding on HTTPServer2","x-xss-protection":"0","x-frame-options":"SAMEORIGIN","x-content-type-options":"nosniff","alt-svc":"h3-29=\":443\"; ma=2592000,h3-T051=\":443\"; ma=2592000,h3-Q050=\":443\"; ma=2592000,h3-Q046=\":443\"; ma=2592000,h3-Q043=\":443\"; ma=2592000,quic=\":443\"; ma=2592000; v=\"46,43\"","accept-ranges":"none","transfer-encoding":"chunked"}
[debug] [2020-12-19T21:23:44.515Z] >>> HTTP REQUEST GET https://firebase.googleapis.com/v1beta1/projects?pageSize=100  
 
[debug] [2020-12-19T21:23:44.648Z] <<< HTTP RESPONSE 401 {"www-authenticate":"Bearer realm=\"https://accounts.google.com/\", error=\"invalid_token\"","vary":"X-Origin, Referer, Origin,Accept-Encoding","content-type":"application/json; charset=UTF-8","date":"Sat, 19 Dec 2020 21:23:44 GMT","server":"ESF","cache-control":"private","x-xss-protection":"0","x-frame-options":"SAMEORIGIN","x-content-type-options":"nosniff","alt-svc":"h3-29=\":443\"; ma=2592000,h3-T051=\":443\"; ma=2592000,h3-Q050=\":443\"; ma=2592000,h3-Q046=\":443\"; ma=2592000,h3-Q043=\":443\"; ma=2592000,quic=\":443\"; ma=2592000; v=\"46,43\"","accept-ranges":"none","transfer-encoding":"chunked"}
[debug] [2020-12-19T21:23:44.648Z] <<< HTTP RESPONSE BODY {"error":{"code":401,"message":"Request had invalid authentication credentials. Expected OAuth 2 access token, login cookie or other valid authentication credential. See https://developers.google.com/identity/sign-in/web/devconsole-project.","status":"UNAUTHENTICATED"}}
[debug] [2020-12-19T21:23:44.650Z] HTTP Error: 401, Request had invalid authentication credentials. Expected OAuth 2 access token, login cookie or other valid authentication credential. See https://developers.google.com/identity/sign-in/web/devconsole-project.
[debug] [2020-12-19T21:23:44.792Z] FirebaseError: HTTP Error: 401, Request had invalid authentication credentials. Expected OAuth 2 access token, login cookie or other valid authentication credential. See https://developers.google.com/identity/sign-in/web/devconsole-project.
    at module.exports (/Users/jasonharris/.config/yarn/global/node_modules/firebase-tools/lib/responseToError.js:38:12)
    at Request._callback (/Users/jasonharris/.config/yarn/global/node_modules/firebase-tools/lib/api.js:41:35)
    at Request.self.callback (/Users/jasonharris/.config/yarn/global/node_modules/request/request.js:185:22)
    at Request.emit (events.js:210:5)
    at Request.EventEmitter.emit (domain.js:475:20)
    at Request.<anonymous> (/Users/jasonharris/.config/yarn/global/node_modules/request/request.js:1154:10)
    at Request.emit (events.js:210:5)
    at Request.EventEmitter.emit (domain.js:475:20)
    at IncomingMessage.<anonymous> (/Users/jasonharris/.config/yarn/global/node_modules/request/request.js:1076:12)
    at Object.onceWrapper (events.js:299:28)
    at IncomingMessage.emit (events.js:215:7)
    at IncomingMessage.EventEmitter.emit (domain.js:475:20)
    at endReadableNT (_stream_readable.js:1184:12)
    at processTicksAndRejections (internal/process/task_queues.js:80:21)
[error] 
[error] Error: Failed to list Firebase projects. See firebase-debug.log for more info.
